2024-04-01 10:16:01,783 [Worker-5: Loading available Gradle versions] INFO  o.e.b.c.i.u.g.PublishedGradleVersions - Gradle version information cache is up-to-date. Trying to read.
2024-04-01 10:17:24,381 [Worker-15: Building] INFO  o.e.m.c.i.l.LifecycleMappingFactory - Using org.eclipse.m2e.jdt.JarLifecycleMapping lifecycle mapping for MavenProject: spring:SpringProj:0.0.1-SNAPSHOT @ C:\Users\Sanke\OneDrive\Documents\C_Spring_Framework\SpringProj\pom.xml.
2024-04-01 10:17:24,682 [Worker-15: Building] WARN  o.e.m.c.i.embedder.EclipseLogger - The artifact mysql:mysql-connector-java:jar:8.0.33 has been relocated to com.mysql:mysql-connector-j:jar:8.0.33: MySQL Connector/J artifacts moved to reverse-DNS compliant Maven 2+ coordinates.
2024-04-01 10:17:26,103 [Worker-15: Building] INFO  o.a.m.s.f.DefaultMavenResourcesFiltering - skip non existing resourceDirectory C:\Users\Sanke\OneDrive\Documents\C_Spring_Framework\SpringProj\src\main\resources
2024-04-01 10:17:26,111 [Worker-15: Building] INFO  o.a.m.s.f.DefaultMavenResourcesFiltering - skip non existing resourceDirectory C:\Users\Sanke\OneDrive\Documents\C_Spring_Framework\SpringProj\src\test\resources
2024-04-01 10:17:26,885 [Worker-7: Building] INFO  o.a.m.s.f.DefaultMavenResourcesFiltering - skip non existing resourceDirectory C:\Users\Sanke\OneDrive\Documents\C_Spring_Framework\SpringProj\src\main\resources
2024-04-01 10:17:26,889 [Worker-7: Building] INFO  o.a.m.s.f.DefaultMavenResourcesFiltering - skip non existing resourceDirectory C:\Users\Sanke\OneDrive\Documents\C_Spring_Framework\SpringProj\src\test\resources
2024-04-01 12:00:23,973 [Worker-27: Building] INFO  o.a.m.s.f.DefaultMavenResourcesFiltering - skip non existing resourceDirectory C:\Users\Sanke\OneDrive\Documents\C_Spring_Framework\SpringProj\src\main\resources
2024-04-01 12:00:23,985 [Worker-27: Building] INFO  o.a.m.s.f.DefaultMavenResourcesFiltering - skip non existing resourceDirectory C:\Users\Sanke\OneDrive\Documents\C_Spring_Framework\SpringProj\src\test\resources
2024-04-01 12:02:37,763 [Worker-26: Building] INFO  o.a.m.s.f.DefaultMavenResourcesFiltering - skip non existing resourceDirectory C:\Users\Sanke\OneDrive\Documents\C_Spring_Framework\SpringProj\src\main\resources
2024-04-01 12:02:37,769 [Worker-26: Building] INFO  o.a.m.s.f.DefaultMavenResourcesFiltering - skip non existing resourceDirectory C:\Users\Sanke\OneDrive\Documents\C_Spring_Framework\SpringProj\src\test\resources
2024-04-01 12:03:02,571 [Worker-30: Building] INFO  o.a.m.s.f.DefaultMavenResourcesFiltering - skip non existing resourceDirectory C:\Users\Sanke\OneDrive\Documents\C_Spring_Framework\SpringProj\src\main\resources
2024-04-01 12:03:02,583 [Worker-30: Building] INFO  o.a.m.s.f.DefaultMavenResourcesFiltering - skip non existing resourceDirectory C:\Users\Sanke\OneDrive\Documents\C_Spring_Framework\SpringProj\src\test\resources
2024-04-01 18:20:34,948 [Worker-39: Building] INFO  o.a.m.s.f.DefaultMavenResourcesFiltering - skip non existing resourceDirectory C:\Users\Sanke\OneDrive\Documents\C_Spring_Framework\SpringProj\src\main\resources
2024-04-01 18:20:34,960 [Worker-39: Building] INFO  o.a.m.s.f.DefaultMavenResourcesFiltering - skip non existing resourceDirectory C:\Users\Sanke\OneDrive\Documents\C_Spring_Framework\SpringProj\src\test\resources
2024-04-01 18:23:28,518 [Worker-40: Building] INFO  o.a.m.s.f.DefaultMavenResourcesFiltering - skip non existing resourceDirectory C:\Users\Sanke\OneDrive\Documents\C_Spring_Framework\SpringProj\src\main\resources
2024-04-01 18:23:28,527 [Worker-40: Building] INFO  o.a.m.s.f.DefaultMavenResourcesFiltering - skip non existing resourceDirectory C:\Users\Sanke\OneDrive\Documents\C_Spring_Framework\SpringProj\src\test\resources
2024-04-01 18:23:54,796 [Worker-45: Building] INFO  o.a.m.s.f.DefaultMavenResourcesFiltering - skip non existing resourceDirectory C:\Users\Sanke\OneDrive\Documents\C_Spring_Framework\SpringProj\src\main\resources
2024-04-01 18:23:54,807 [Worker-45: Building] INFO  o.a.m.s.f.DefaultMavenResourcesFiltering - skip non existing resourceDirectory C:\Users\Sanke\OneDrive\Documents\C_Spring_Framework\SpringProj\src\test\resources
2024-04-01 18:26:54,736 [Worker-45: Building] INFO  o.a.m.s.f.DefaultMavenResourcesFiltering - skip non existing resourceDirectory C:\Users\Sanke\OneDrive\Documents\C_Spring_Framework\SpringProj\src\main\resources
2024-04-01 18:26:54,745 [Worker-45: Building] INFO  o.a.m.s.f.DefaultMavenResourcesFiltering - skip non existing resourceDirectory C:\Users\Sanke\OneDrive\Documents\C_Spring_Framework\SpringProj\src\test\resources
2024-04-01 18:28:49,073 [Worker-34: Building] INFO  o.a.m.s.f.DefaultMavenResourcesFiltering - skip non existing resourceDirectory C:\Users\Sanke\OneDrive\Documents\C_Spring_Framework\SpringProj\src\main\resources
2024-04-01 18:28:49,083 [Worker-34: Building] INFO  o.a.m.s.f.DefaultMavenResourcesFiltering - skip non existing resourceDirectory C:\Users\Sanke\OneDrive\Documents\C_Spring_Framework\SpringProj\src\test\resources
2024-04-01 18:29:38,639 [Worker-46: Building] INFO  o.a.m.s.f.DefaultMavenResourcesFiltering - skip non existing resourceDirectory C:\Users\Sanke\OneDrive\Documents\C_Spring_Framework\SpringProj\src\main\resources
2024-04-01 18:29:38,643 [Worker-46: Building] INFO  o.a.m.s.f.DefaultMavenResourcesFiltering - skip non existing resourceDirectory C:\Users\Sanke\OneDrive\Documents\C_Spring_Framework\SpringProj\src\test\resources
2024-04-01 18:30:09,449 [Worker-47: Launching JDBCTest] INFO  o.a.m.s.f.DefaultMavenResourcesFiltering - skip non existing resourceDirectory C:\Users\Sanke\OneDrive\Documents\C_Spring_Framework\SpringProj\src\main\resources
2024-04-01 18:30:09,456 [Worker-47: Launching JDBCTest] INFO  o.a.m.s.f.DefaultMavenResourcesFiltering - skip non existing resourceDirectory C:\Users\Sanke\OneDrive\Documents\C_Spring_Framework\SpringProj\src\test\resources
2024-04-01 18:30:18,541 [Worker-47: Building] INFO  o.a.m.s.f.DefaultMavenResourcesFiltering - skip non existing resourceDirectory C:\Users\Sanke\OneDrive\Documents\C_Spring_Framework\SpringProj\src\main\resources
2024-04-01 18:30:18,549 [Worker-47: Building] INFO  o.a.m.s.f.DefaultMavenResourcesFiltering - skip non existing resourceDirectory C:\Users\Sanke\OneDrive\Documents\C_Spring_Framework\SpringProj\src\test\resources
2024-04-01 18:30:59,397 [Worker-34: Building] INFO  o.a.m.s.f.DefaultMavenResourcesFiltering - skip non existing resourceDirectory C:\Users\Sanke\OneDrive\Documents\C_Spring_Framework\SpringProj\src\main\resources
2024-04-01 18:30:59,403 [Worker-34: Building] INFO  o.a.m.s.f.DefaultMavenResourcesFiltering - skip non existing resourceDirectory C:\Users\Sanke\OneDrive\Documents\C_Spring_Framework\SpringProj\src\test\resources
2024-04-01 18:31:13,994 [Worker-45: Building] INFO  o.a.m.s.f.DefaultMavenResourcesFiltering - skip non existing resourceDirectory C:\Users\Sanke\OneDrive\Documents\C_Spring_Framework\SpringProj\src\main\resources
2024-04-01 18:31:13,998 [Worker-45: Building] INFO  o.a.m.s.f.DefaultMavenResourcesFiltering - skip non existing resourceDirectory C:\Users\Sanke\OneDrive\Documents\C_Spring_Framework\SpringProj\src\test\resources
2024-04-01 23:17:51,086 [Worker-54: Building] INFO  o.e.m.c.i.l.LifecycleMappingFactory - Using org.eclipse.m2e.jdt.JarLifecycleMapping lifecycle mapping for MavenProject: spring:SpringProj:0.0.1-SNAPSHOT @ C:\Users\Sanke\OneDrive\Documents\C_Spring_Framework\SpringProj\pom.xml.
2024-04-01 23:17:51,528 [Worker-54: Building] INFO  o.e.m.c.i.e.AbstractTransferListenerAdapter - Downloading https://repo.maven.apache.org/maven2/org/springframework/spring-orm/6.0.11/spring-orm-6.0.11.pom
2024-04-01 23:17:51,562 [Worker-54: Building] INFO  o.e.m.c.i.e.AbstractTransferListenerAdapter - Downloaded https://repo.maven.apache.org/maven2/org/springframework/spring-orm/6.0.11/spring-orm-6.0.11.pom
2024-04-01 23:17:51,686 [Worker-54: Building] WARN  o.e.m.c.i.embedder.EclipseLogger - The artifact mysql:mysql-connector-java:jar:8.0.33 has been relocated to com.mysql:mysql-connector-j:jar:8.0.33: MySQL Connector/J artifacts moved to reverse-DNS compliant Maven 2+ coordinates.
2024-04-01 23:17:51,828 [Worker-54: Building] INFO  o.e.m.c.i.e.AbstractTransferListenerAdapter - Downloading https://repo.maven.apache.org/maven2/org/springframework/spring-orm/6.0.11/spring-orm-6.0.11.jar
2024-04-01 23:17:51,927 [Worker-54: Building] INFO  o.e.m.c.i.e.AbstractTransferListenerAdapter - Downloaded https://repo.maven.apache.org/maven2/org/springframework/spring-orm/6.0.11/spring-orm-6.0.11.jar
2024-04-01 23:17:52,715 [Worker-54: Building] INFO  o.a.m.s.f.DefaultMavenResourcesFiltering - skip non existing resourceDirectory C:\Users\Sanke\OneDrive\Documents\C_Spring_Framework\SpringProj\src\main\resources
2024-04-01 23:17:52,730 [Worker-54: Building] INFO  o.a.m.s.f.DefaultMavenResourcesFiltering - skip non existing resourceDirectory C:\Users\Sanke\OneDrive\Documents\C_Spring_Framework\SpringProj\src\test\resources
2024-04-01 23:17:53,542 [Worker-46: Download sources and javadoc] INFO  o.e.m.c.i.e.AbstractTransferListenerAdapter - Downloading https://repo.maven.apache.org/maven2/org/springframework/spring-orm/6.0.11/spring-orm-6.0.11-sources.jar
2024-04-01 23:17:53,643 [Worker-46: Download sources and javadoc] INFO  o.e.m.c.i.e.AbstractTransferListenerAdapter - Downloaded https://repo.maven.apache.org/maven2/org/springframework/spring-orm/6.0.11/spring-orm-6.0.11-sources.jar
2024-04-01 23:17:53,669 [Worker-46: Download sources and javadoc] INFO  o.e.m.j.internal.DownloadSourcesJob - Downloaded sources for org.springframework:spring-orm:6.0.11
2024-04-01 23:17:55,925 [Worker-56: Building] INFO  o.a.m.s.f.DefaultMavenResourcesFiltering - skip non existing resourceDirectory C:\Users\Sanke\OneDrive\Documents\C_Spring_Framework\SpringProj\src\main\resources
2024-04-01 23:17:55,931 [Worker-56: Building] INFO  o.a.m.s.f.DefaultMavenResourcesFiltering - skip non existing resourceDirectory C:\Users\Sanke\OneDrive\Documents\C_Spring_Framework\SpringProj\src\test\resources
2024-04-01 23:18:23,270 [Worker-59: Building] INFO  o.a.m.s.f.DefaultMavenResourcesFiltering - skip non existing resourceDirectory C:\Users\Sanke\OneDrive\Documents\C_Spring_Framework\SpringProj\src\main\resources
2024-04-01 23:18:23,277 [Worker-59: Building] INFO  o.a.m.s.f.DefaultMavenResourcesFiltering - skip non existing resourceDirectory C:\Users\Sanke\OneDrive\Documents\C_Spring_Framework\SpringProj\src\test\resources
2024-04-01 23:19:26,400 [Worker-59: Building] INFO  o.a.m.s.f.DefaultMavenResourcesFiltering - skip non existing resourceDirectory C:\Users\Sanke\OneDrive\Documents\C_Spring_Framework\SpringProj\src\main\resources
2024-04-01 23:19:26,405 [Worker-59: Building] INFO  o.a.m.s.f.DefaultMavenResourcesFiltering - skip non existing resourceDirectory C:\Users\Sanke\OneDrive\Documents\C_Spring_Framework\SpringProj\src\test\resources
2024-04-01 23:20:57,157 [Worker-56: Building] INFO  o.a.m.s.f.DefaultMavenResourcesFiltering - skip non existing resourceDirectory C:\Users\Sanke\OneDrive\Documents\C_Spring_Framework\SpringProj\src\main\resources
2024-04-01 23:20:57,162 [Worker-56: Building] INFO  o.a.m.s.f.DefaultMavenResourcesFiltering - skip non existing resourceDirectory C:\Users\Sanke\OneDrive\Documents\C_Spring_Framework\SpringProj\src\test\resources
2024-04-01 23:21:41,366 [Worker-56: Building] INFO  o.a.m.s.f.DefaultMavenResourcesFiltering - skip non existing resourceDirectory C:\Users\Sanke\OneDrive\Documents\C_Spring_Framework\SpringProj\src\main\resources
2024-04-01 23:21:41,372 [Worker-56: Building] INFO  o.a.m.s.f.DefaultMavenResourcesFiltering - skip non existing resourceDirectory C:\Users\Sanke\OneDrive\Documents\C_Spring_Framework\SpringProj\src\test\resources
2024-04-01 23:23:35,310 [Worker-56: Building] INFO  o.e.m.c.i.l.LifecycleMappingFactory - Using org.eclipse.m2e.jdt.JarLifecycleMapping lifecycle mapping for MavenProject: spring:SpringProj:0.0.1-SNAPSHOT @ C:\Users\Sanke\OneDrive\Documents\C_Spring_Framework\SpringProj\pom.xml.
2024-04-01 23:23:35,510 [Worker-56: Building] WARN  o.e.m.c.i.embedder.EclipseLogger - The artifact mysql:mysql-connector-java:jar:8.0.33 has been relocated to com.mysql:mysql-connector-j:jar:8.0.33: MySQL Connector/J artifacts moved to reverse-DNS compliant Maven 2+ coordinates.
2024-04-01 23:23:35,761 [Worker-56: Building] INFO  o.a.m.s.f.DefaultMavenResourcesFiltering - skip non existing resourceDirectory C:\Users\Sanke\OneDrive\Documents\C_Spring_Framework\SpringProj\src\main\resources
2024-04-01 23:23:35,767 [Worker-56: Building] INFO  o.a.m.s.f.DefaultMavenResourcesFiltering - skip non existing resourceDirectory C:\Users\Sanke\OneDrive\Documents\C_Spring_Framework\SpringProj\src\test\resources
2024-04-01 23:23:37,648 [Worker-60: Building] INFO  o.a.m.s.f.DefaultMavenResourcesFiltering - skip non existing resourceDirectory C:\Users\Sanke\OneDrive\Documents\C_Spring_Framework\SpringProj\src\main\resources
2024-04-01 23:23:37,651 [Worker-60: Building] INFO  o.a.m.s.f.DefaultMavenResourcesFiltering - skip non existing resourceDirectory C:\Users\Sanke\OneDrive\Documents\C_Spring_Framework\SpringProj\src\test\resources
2024-04-01 23:25:30,734 [Worker-62: Building] INFO  o.a.m.s.f.DefaultMavenResourcesFiltering - skip non existing resourceDirectory C:\Users\Sanke\OneDrive\Documents\C_Spring_Framework\SpringProj\src\main\resources
2024-04-01 23:25:30,742 [Worker-62: Building] INFO  o.a.m.s.f.DefaultMavenResourcesFiltering - skip non existing resourceDirectory C:\Users\Sanke\OneDrive\Documents\C_Spring_Framework\SpringProj\src\test\resources
2024-04-01 23:33:05,650 [Worker-67: Building] INFO  o.a.m.s.f.DefaultMavenResourcesFiltering - skip non existing resourceDirectory C:\Users\Sanke\OneDrive\Documents\C_Spring_Framework\SpringProj\src\main\resources
2024-04-01 23:33:05,656 [Worker-67: Building] INFO  o.a.m.s.f.DefaultMavenResourcesFiltering - skip non existing resourceDirectory C:\Users\Sanke\OneDrive\Documents\C_Spring_Framework\SpringProj\src\test\resources
2024-04-01 23:33:46,594 [Worker-63: Building] INFO  o.a.m.s.f.DefaultMavenResourcesFiltering - skip non existing resourceDirectory C:\Users\Sanke\OneDrive\Documents\C_Spring_Framework\SpringProj\src\main\resources
2024-04-01 23:33:46,598 [Worker-63: Building] INFO  o.a.m.s.f.DefaultMavenResourcesFiltering - skip non existing resourceDirectory C:\Users\Sanke\OneDrive\Documents\C_Spring_Framework\SpringProj\src\test\resources
2024-04-01 23:34:21,341 [Worker-69: Building] INFO  o.a.m.s.f.DefaultMavenResourcesFiltering - skip non existing resourceDirectory C:\Users\Sanke\OneDrive\Documents\C_Spring_Framework\SpringProj\src\main\resources
2024-04-01 23:34:21,345 [Worker-69: Building] INFO  o.a.m.s.f.DefaultMavenResourcesFiltering - skip non existing resourceDirectory C:\Users\Sanke\OneDrive\Documents\C_Spring_Framework\SpringProj\src\test\resources
2024-04-01 23:42:14,357 [Worker-72: Building] INFO  o.a.m.s.f.DefaultMavenResourcesFiltering - skip non existing resourceDirectory C:\Users\Sanke\OneDrive\Documents\C_Spring_Framework\SpringProj\src\main\resources
2024-04-01 23:42:14,361 [Worker-72: Building] INFO  o.a.m.s.f.DefaultMavenResourcesFiltering - skip non existing resourceDirectory C:\Users\Sanke\OneDrive\Documents\C_Spring_Framework\SpringProj\src\test\resources
2024-04-01 23:43:00,834 [Worker-71: Building] INFO  o.a.m.s.f.DefaultMavenResourcesFiltering - skip non existing resourceDirectory C:\Users\Sanke\OneDrive\Documents\C_Spring_Framework\SpringProj\src\main\resources
2024-04-01 23:43:00,842 [Worker-71: Building] INFO  o.a.m.s.f.DefaultMavenResourcesFiltering - skip non existing resourceDirectory C:\Users\Sanke\OneDrive\Documents\C_Spring_Framework\SpringProj\src\test\resources
2024-04-01 23:43:12,544 [Worker-72: Building] INFO  o.a.m.s.f.DefaultMavenResourcesFiltering - skip non existing resourceDirectory C:\Users\Sanke\OneDrive\Documents\C_Spring_Framework\SpringProj\src\main\resources
2024-04-01 23:43:12,548 [Worker-72: Building] INFO  o.a.m.s.f.DefaultMavenResourcesFiltering - skip non existing resourceDirectory C:\Users\Sanke\OneDrive\Documents\C_Spring_Framework\SpringProj\src\test\resources
2024-04-02 09:52:38,358 [ModalContext] INFO  o.e.m.c.i.e.AbstractTransferListenerAdapter - Downloading https://repo.maven.apache.org/maven2/org/apache/maven/archetypes/maven-archetype-webapp/1.0/maven-archetype-webapp-1.0.pom
2024-04-02 09:52:38,368 [ModalContext] INFO  o.e.m.c.i.e.AbstractTransferListenerAdapter - Downloaded https://repo.maven.apache.org/maven2/org/apache/maven/archetypes/maven-archetype-webapp/1.0/maven-archetype-webapp-1.0.pom
2024-04-02 09:52:38,395 [ModalContext] INFO  o.e.m.c.i.e.AbstractTransferListenerAdapter - Downloading https://repo.maven.apache.org/maven2/org/apache/maven/archetypes/maven-archetype-bundles/2/maven-archetype-bundles-2.pom
2024-04-02 09:52:38,400 [ModalContext] INFO  o.e.m.c.i.e.AbstractTransferListenerAdapter - Downloaded https://repo.maven.apache.org/maven2/org/apache/maven/archetypes/maven-archetype-bundles/2/maven-archetype-bundles-2.pom
2024-04-02 09:52:38,417 [ModalContext] INFO  o.e.m.c.i.e.AbstractTransferListenerAdapter - Downloading https://repo.maven.apache.org/maven2/org/apache/maven/archetype/maven-archetype-parent/1/maven-archetype-parent-1.pom
2024-04-02 09:52:38,422 [ModalContext] INFO  o.e.m.c.i.e.AbstractTransferListenerAdapter - Downloaded https://repo.maven.apache.org/maven2/org/apache/maven/archetype/maven-archetype-parent/1/maven-archetype-parent-1.pom
2024-04-02 09:52:38,438 [ModalContext] INFO  o.e.m.c.i.e.AbstractTransferListenerAdapter - Downloading https://repo.maven.apache.org/maven2/org/apache/maven/maven-parent/4/maven-parent-4.pom
2024-04-02 09:52:38,447 [ModalContext] INFO  o.e.m.c.i.e.AbstractTransferListenerAdapter - Downloaded https://repo.maven.apache.org/maven2/org/apache/maven/maven-parent/4/maven-parent-4.pom
2024-04-02 09:52:38,464 [ModalContext] INFO  o.e.m.c.i.e.AbstractTransferListenerAdapter - Downloading https://repo.maven.apache.org/maven2/org/apache/apache/3/apache-3.pom
2024-04-02 09:52:38,469 [ModalContext] INFO  o.e.m.c.i.e.AbstractTransferListenerAdapter - Downloaded https://repo.maven.apache.org/maven2/org/apache/apache/3/apache-3.pom
2024-04-02 09:52:38,495 [ModalContext] INFO  o.e.m.c.i.e.AbstractTransferListenerAdapter - Downloading https://repo.maven.apache.org/maven2/org/apache/maven/archetypes/maven-archetype-webapp/1.0/maven-archetype-webapp-1.0.jar
2024-04-02 09:52:38,502 [ModalContext] INFO  o.e.m.c.i.e.AbstractTransferListenerAdapter - Downloaded https://repo.maven.apache.org/maven2/org/apache/maven/archetypes/maven-archetype-webapp/1.0/maven-archetype-webapp-1.0.jar
2024-04-02 09:53:26,661 [Worker-85: Launching mavenrun-4c882046-3539-460b-9be9-62ef7473daad] INFO  o.eclipse.m2e.core.internal.Bundles - getClasspathEntries(Bundle=org.eclipse.m2e.maven.runtime_3.9.600.20231203-1234 [638])
2024-04-02 09:53:26,669 [Worker-85: Launching mavenrun-4c882046-3539-460b-9be9-62ef7473daad] INFO  o.eclipse.m2e.core.internal.Bundles - 	Entry: D:\Downloads\Windows\Software\eclipse-jee-2024-03-R-win32-x86_64\eclipse\plugins\org.eclipse.m2e.maven.runtime_3.9.600.20231203-1234
2024-04-02 09:53:26,669 [Worker-85: Launching mavenrun-4c882046-3539-460b-9be9-62ef7473daad] INFO  o.eclipse.m2e.core.internal.Bundles - 	Entry: D:\Downloads\Windows\Software\eclipse-jee-2024-03-R-win32-x86_64\eclipse\plugins\org.eclipse.m2e.maven.runtime_3.9.600.20231203-1234\jars\aopalliance-1.0.jar
2024-04-02 09:53:26,669 [Worker-85: Launching mavenrun-4c882046-3539-460b-9be9-62ef7473daad] INFO  o.eclipse.m2e.core.internal.Bundles - 	Entry: D:\Downloads\Windows\Software\eclipse-jee-2024-03-R-win32-x86_64\eclipse\plugins\org.eclipse.m2e.maven.runtime_3.9.600.20231203-1234\jars\guice-5.1.0.jar
2024-04-02 09:53:26,670 [Worker-85: Launching mavenrun-4c882046-3539-460b-9be9-62ef7473daad] INFO  o.eclipse.m2e.core.internal.Bundles - 	Entry: D:\Downloads\Windows\Software\eclipse-jee-2024-03-R-win32-x86_64\eclipse\plugins\org.eclipse.m2e.maven.runtime_3.9.600.20231203-1234\jars\httpclient-4.5.14.jar
2024-04-02 09:53:26,670 [Worker-85: Launching mavenrun-4c882046-3539-460b-9be9-62ef7473daad] INFO  o.eclipse.m2e.core.internal.Bundles - 	Entry: D:\Downloads\Windows\Software\eclipse-jee-2024-03-R-win32-x86_64\eclipse\plugins\org.eclipse.m2e.maven.runtime_3.9.600.20231203-1234\jars\httpcore-4.4.16.jar
2024-04-02 09:53:26,670 [Worker-85: Launching mavenrun-4c882046-3539-460b-9be9-62ef7473daad] INFO  o.eclipse.m2e.core.internal.Bundles - 	Entry: D:\Downloads\Windows\Software\eclipse-jee-2024-03-R-win32-x86_64\eclipse\plugins\org.eclipse.m2e.maven.runtime_3.9.600.20231203-1234\jars\jansi-2.4.0.jar
2024-04-02 09:53:26,670 [Worker-85: Launching mavenrun-4c882046-3539-460b-9be9-62ef7473daad] INFO  o.eclipse.m2e.core.internal.Bundles - 	Entry: D:\Downloads\Windows\Software\eclipse-jee-2024-03-R-win32-x86_64\eclipse\plugins\org.eclipse.m2e.maven.runtime_3.9.600.20231203-1234\jars\jcl-over-slf4j-1.7.36.jar
2024-04-02 09:53:26,670 [Worker-85: Launching mavenrun-4c882046-3539-460b-9be9-62ef7473daad] INFO  o.eclipse.m2e.core.internal.Bundles - 	Entry: D:\Downloads\Windows\Software\eclipse-jee-2024-03-R-win32-x86_64\eclipse\plugins\org.eclipse.m2e.maven.runtime_3.9.600.20231203-1234\jars\maven-artifact-3.9.6.jar
2024-04-02 09:53:26,670 [Worker-85: Launching mavenrun-4c882046-3539-460b-9be9-62ef7473daad] INFO  o.eclipse.m2e.core.internal.Bundles - 	Entry: D:\Downloads\Windows\Software\eclipse-jee-2024-03-R-win32-x86_64\eclipse\plugins\org.eclipse.m2e.maven.runtime_3.9.600.20231203-1234\jars\maven-builder-support-3.9.6.jar
2024-04-02 09:53:26,671 [Worker-85: Launching mavenrun-4c882046-3539-460b-9be9-62ef7473daad] INFO  o.eclipse.m2e.core.internal.Bundles - 	Entry: D:\Downloads\Windows\Software\eclipse-jee-2024-03-R-win32-x86_64\eclipse\plugins\org.eclipse.m2e.maven.runtime_3.9.600.20231203-1234\jars\maven-compat-3.9.6.jar
2024-04-02 09:53:26,671 [Worker-85: Launching mavenrun-4c882046-3539-460b-9be9-62ef7473daad] INFO  o.eclipse.m2e.core.internal.Bundles - 	Entry: D:\Downloads\Windows\Software\eclipse-jee-2024-03-R-win32-x86_64\eclipse\plugins\org.eclipse.m2e.maven.runtime_3.9.600.20231203-1234\jars\maven-core-3.9.6.jar
2024-04-02 09:53:26,671 [Worker-85: Launching mavenrun-4c882046-3539-460b-9be9-62ef7473daad] INFO  o.eclipse.m2e.core.internal.Bundles - 	Entry: D:\Downloads\Windows\Software\eclipse-jee-2024-03-R-win32-x86_64\eclipse\plugins\org.eclipse.m2e.maven.runtime_3.9.600.20231203-1234\jars\maven-embedder-3.9.6.jar
2024-04-02 09:53:26,671 [Worker-85: Launching mavenrun-4c882046-3539-460b-9be9-62ef7473daad] INFO  o.eclipse.m2e.core.internal.Bundles - 	Entry: D:\Downloads\Windows\Software\eclipse-jee-2024-03-R-win32-x86_64\eclipse\plugins\org.eclipse.m2e.maven.runtime_3.9.600.20231203-1234\jars\maven-model-3.9.6.jar
2024-04-02 09:53:26,671 [Worker-85: Launching mavenrun-4c882046-3539-460b-9be9-62ef7473daad] INFO  o.eclipse.m2e.core.internal.Bundles - 	Entry: D:\Downloads\Windows\Software\eclipse-jee-2024-03-R-win32-x86_64\eclipse\plugins\org.eclipse.m2e.maven.runtime_3.9.600.20231203-1234\jars\maven-model-builder-3.9.6.jar
2024-04-02 09:53:26,671 [Worker-85: Launching mavenrun-4c882046-3539-460b-9be9-62ef7473daad] INFO  o.eclipse.m2e.core.internal.Bundles - 	Entry: D:\Downloads\Windows\Software\eclipse-jee-2024-03-R-win32-x86_64\eclipse\plugins\org.eclipse.m2e.maven.runtime_3.9.600.20231203-1234\jars\maven-plugin-api-3.9.6.jar
2024-04-02 09:53:26,671 [Worker-85: Launching mavenrun-4c882046-3539-460b-9be9-62ef7473daad] INFO  o.eclipse.m2e.core.internal.Bundles - 	Entry: D:\Downloads\Windows\Software\eclipse-jee-2024-03-R-win32-x86_64\eclipse\plugins\org.eclipse.m2e.maven.runtime_3.9.600.20231203-1234\jars\maven-repository-metadata-3.9.6.jar
2024-04-02 09:53:26,672 [Worker-85: Launching mavenrun-4c882046-3539-460b-9be9-62ef7473daad] INFO  o.eclipse.m2e.core.internal.Bundles - 	Entry: D:\Downloads\Windows\Software\eclipse-jee-2024-03-R-win32-x86_64\eclipse\plugins\org.eclipse.m2e.maven.runtime_3.9.600.20231203-1234\jars\maven-resolver-api-1.9.18.jar
2024-04-02 09:53:26,672 [Worker-85: Launching mavenrun-4c882046-3539-460b-9be9-62ef7473daad] INFO  o.eclipse.m2e.core.internal.Bundles - 	Entry: D:\Downloads\Windows\Software\eclipse-jee-2024-03-R-win32-x86_64\eclipse\plugins\org.eclipse.m2e.maven.runtime_3.9.600.20231203-1234\jars\maven-resolver-connector-basic-1.9.18.jar
2024-04-02 09:53:26,673 [Worker-85: Launching mavenrun-4c882046-3539-460b-9be9-62ef7473daad] INFO  o.eclipse.m2e.core.internal.Bundles - 	Entry: D:\Downloads\Windows\Software\eclipse-jee-2024-03-R-win32-x86_64\eclipse\plugins\org.eclipse.m2e.maven.runtime_3.9.600.20231203-1234\jars\maven-resolver-impl-1.9.18.jar
2024-04-02 09:53:26,673 [Worker-85: Launching mavenrun-4c882046-3539-460b-9be9-62ef7473daad] INFO  o.eclipse.m2e.core.internal.Bundles - 	Entry: D:\Downloads\Windows\Software\eclipse-jee-2024-03-R-win32-x86_64\eclipse\plugins\org.eclipse.m2e.maven.runtime_3.9.600.20231203-1234\jars\maven-resolver-named-locks-1.9.18.jar
2024-04-02 09:53:26,673 [Worker-85: Launching mavenrun-4c882046-3539-460b-9be9-62ef7473daad] INFO  o.eclipse.m2e.core.internal.Bundles - 	Entry: D:\Downloads\Windows\Software\eclipse-jee-2024-03-R-win32-x86_64\eclipse\plugins\org.eclipse.m2e.maven.runtime_3.9.600.20231203-1234\jars\maven-resolver-provider-3.9.6.jar
2024-04-02 09:53:26,674 [Worker-85: Launching mavenrun-4c882046-3539-460b-9be9-62ef7473daad] INFO  o.eclipse.m2e.core.internal.Bundles - 	Entry: D:\Downloads\Windows\Software\eclipse-jee-2024-03-R-win32-x86_64\eclipse\plugins\org.eclipse.m2e.maven.runtime_3.9.600.20231203-1234\jars\maven-resolver-spi-1.9.18.jar
2024-04-02 09:53:26,674 [Worker-85: Launching mavenrun-4c882046-3539-460b-9be9-62ef7473daad] INFO  o.eclipse.m2e.core.internal.Bundles - 	Entry: D:\Downloads\Windows\Software\eclipse-jee-2024-03-R-win32-x86_64\eclipse\plugins\org.eclipse.m2e.maven.runtime_3.9.600.20231203-1234\jars\maven-resolver-transport-file-1.9.18.jar
2024-04-02 09:53:26,674 [Worker-85: Launching mavenrun-4c882046-3539-460b-9be9-62ef7473daad] INFO  o.eclipse.m2e.core.internal.Bundles - 	Entry: D:\Downloads\Windows\Software\eclipse-jee-2024-03-R-win32-x86_64\eclipse\plugins\org.eclipse.m2e.maven.runtime_3.9.600.20231203-1234\jars\maven-resolver-transport-http-1.9.18.jar
2024-04-02 09:53:26,674 [Worker-85: Launching mavenrun-4c882046-3539-460b-9be9-62ef7473daad] INFO  o.eclipse.m2e.core.internal.Bundles - 	Entry: D:\Downloads\Windows\Software\eclipse-jee-2024-03-R-win32-x86_64\eclipse\plugins\org.eclipse.m2e.maven.runtime_3.9.600.20231203-1234\jars\maven-resolver-transport-wagon-1.9.18.jar
2024-04-02 09:53:26,674 [Worker-85: Launching mavenrun-4c882046-3539-460b-9be9-62ef7473daad] INFO  o.eclipse.m2e.core.internal.Bundles - 	Entry: D:\Downloads\Windows\Software\eclipse-jee-2024-03-R-win32-x86_64\eclipse\plugins\org.eclipse.m2e.maven.runtime_3.9.600.20231203-1234\jars\maven-resolver-util-1.9.18.jar
2024-04-02 09:53:26,674 [Worker-85: Launching mavenrun-4c882046-3539-460b-9be9-62ef7473daad] INFO  o.eclipse.m2e.core.internal.Bundles - 	Entry: D:\Downloads\Windows\Software\eclipse-jee-2024-03-R-win32-x86_64\eclipse\plugins\org.eclipse.m2e.maven.runtime_3.9.600.20231203-1234\jars\maven-settings-3.9.6.jar
2024-04-02 09:53:26,674 [Worker-85: Launching mavenrun-4c882046-3539-460b-9be9-62ef7473daad] INFO  o.eclipse.m2e.core.internal.Bundles - 	Entry: D:\Downloads\Windows\Software\eclipse-jee-2024-03-R-win32-x86_64\eclipse\plugins\org.eclipse.m2e.maven.runtime_3.9.600.20231203-1234\jars\maven-settings-builder-3.9.6.jar
2024-04-02 09:53:26,674 [Worker-85: Launching mavenrun-4c882046-3539-460b-9be9-62ef7473daad] INFO  o.eclipse.m2e.core.internal.Bundles - 	Entry: D:\Downloads\Windows\Software\eclipse-jee-2024-03-R-win32-x86_64\eclipse\plugins\org.eclipse.m2e.maven.runtime_3.9.600.20231203-1234\jars\maven-shared-utils-3.3.4.jar
2024-04-02 09:53:26,674 [Worker-85: Launching mavenrun-4c882046-3539-460b-9be9-62ef7473daad] INFO  o.eclipse.m2e.core.internal.Bundles - 	Entry: D:\Downloads\Windows\Software\eclipse-jee-2024-03-R-win32-x86_64\eclipse\plugins\org.eclipse.m2e.maven.runtime_3.9.600.20231203-1234\jars\org.eclipse.sisu.inject-0.9.0.M2.jar
2024-04-02 09:53:26,675 [Worker-85: Launching mavenrun-4c882046-3539-460b-9be9-62ef7473daad] INFO  o.eclipse.m2e.core.internal.Bundles - 	Entry: D:\Downloads\Windows\Software\eclipse-jee-2024-03-R-win32-x86_64\eclipse\plugins\org.eclipse.m2e.maven.runtime_3.9.600.20231203-1234\jars\org.eclipse.sisu.plexus-0.9.0.M2.jar
2024-04-02 09:53:26,675 [Worker-85: Launching mavenrun-4c882046-3539-460b-9be9-62ef7473daad] INFO  o.eclipse.m2e.core.internal.Bundles - 	Entry: D:\Downloads\Windows\Software\eclipse-jee-2024-03-R-win32-x86_64\eclipse\plugins\org.eclipse.m2e.maven.runtime_3.9.600.20231203-1234\jars\plexus-build-api-0.0.7.jar
2024-04-02 09:53:26,675 [Worker-85: Launching mavenrun-4c882046-3539-460b-9be9-62ef7473daad] INFO  o.eclipse.m2e.core.internal.Bundles - 	Entry: D:\Downloads\Windows\Software\eclipse-jee-2024-03-R-win32-x86_64\eclipse\plugins\org.eclipse.m2e.maven.runtime_3.9.600.20231203-1234\jars\plexus-cipher-2.0.jar
2024-04-02 09:53:26,675 [Worker-85: Launching mavenrun-4c882046-3539-460b-9be9-62ef7473daad] INFO  o.eclipse.m2e.core.internal.Bundles - 	Entry: D:\Downloads\Windows\Software\eclipse-jee-2024-03-R-win32-x86_64\eclipse\plugins\org.eclipse.m2e.maven.runtime_3.9.600.20231203-1234\jars\plexus-classworlds-2.7.0.jar
2024-04-02 09:53:26,675 [Worker-85: Launching mavenrun-4c882046-3539-460b-9be9-62ef7473daad] INFO  o.eclipse.m2e.core.internal.Bundles - 	Entry: D:\Downloads\Windows\Software\eclipse-jee-2024-03-R-win32-x86_64\eclipse\plugins\org.eclipse.m2e.maven.runtime_3.9.600.20231203-1234\jars\plexus-component-annotations-2.1.0.jar
2024-04-02 09:53:26,675 [Worker-85: Launching mavenrun-4c882046-3539-460b-9be9-62ef7473daad] INFO  o.eclipse.m2e.core.internal.Bundles - 	Entry: D:\Downloads\Windows\Software\eclipse-jee-2024-03-R-win32-x86_64\eclipse\plugins\org.eclipse.m2e.maven.runtime_3.9.600.20231203-1234\jars\plexus-interpolation-1.26.jar
2024-04-02 09:53:26,675 [Worker-85: Launching mavenrun-4c882046-3539-460b-9be9-62ef7473daad] INFO  o.eclipse.m2e.core.internal.Bundles - 	Entry: D:\Downloads\Windows\Software\eclipse-jee-2024-03-R-win32-x86_64\eclipse\plugins\org.eclipse.m2e.maven.runtime_3.9.600.20231203-1234\jars\plexus-sec-dispatcher-2.0.jar
2024-04-02 09:53:26,675 [Worker-85: Launching mavenrun-4c882046-3539-460b-9be9-62ef7473daad] INFO  o.eclipse.m2e.core.internal.Bundles - 	Entry: D:\Downloads\Windows\Software\eclipse-jee-2024-03-R-win32-x86_64\eclipse\plugins\org.eclipse.m2e.maven.runtime_3.9.600.20231203-1234\jars\plexus-utils-3.5.1.jar
2024-04-02 09:53:26,676 [Worker-85: Launching mavenrun-4c882046-3539-460b-9be9-62ef7473daad] INFO  o.eclipse.m2e.core.internal.Bundles - 	Entry: D:\Downloads\Windows\Software\eclipse-jee-2024-03-R-win32-x86_64\eclipse\plugins\org.eclipse.m2e.maven.runtime_3.9.600.20231203-1234\jars\wagon-file-3.5.3.jar
2024-04-02 09:53:26,676 [Worker-85: Launching mavenrun-4c882046-3539-460b-9be9-62ef7473daad] INFO  o.eclipse.m2e.core.internal.Bundles - 	Entry: D:\Downloads\Windows\Software\eclipse-jee-2024-03-R-win32-x86_64\eclipse\plugins\org.eclipse.m2e.maven.runtime_3.9.600.20231203-1234\jars\wagon-http-3.5.3.jar
2024-04-02 09:53:26,676 [Worker-85: Launching mavenrun-4c882046-3539-460b-9be9-62ef7473daad] INFO  o.eclipse.m2e.core.internal.Bundles - 	Entry: D:\Downloads\Windows\Software\eclipse-jee-2024-03-R-win32-x86_64\eclipse\plugins\org.eclipse.m2e.maven.runtime_3.9.600.20231203-1234\jars\wagon-http-shared-3.5.3.jar
2024-04-02 09:53:26,677 [Worker-85: Launching mavenrun-4c882046-3539-460b-9be9-62ef7473daad] INFO  o.eclipse.m2e.core.internal.Bundles - 	Entry: D:\Downloads\Windows\Software\eclipse-jee-2024-03-R-win32-x86_64\eclipse\plugins\org.eclipse.m2e.maven.runtime_3.9.600.20231203-1234\jars\wagon-provider-api-3.5.3.jar
2024-04-02 09:53:26,681 [Worker-85: Launching mavenrun-4c882046-3539-460b-9be9-62ef7473daad] INFO  o.eclipse.m2e.core.internal.Bundles - getClasspathEntries(Bundle=com.google.guava_33.0.0.jre [14])
2024-04-02 09:53:26,684 [Worker-85: Launching mavenrun-4c882046-3539-460b-9be9-62ef7473daad] INFO  o.eclipse.m2e.core.internal.Bundles - 	Entry: D:\Downloads\Windows\Software\eclipse-jee-2024-03-R-win32-x86_64\eclipse\plugins\com.google.guava_33.0.0.jre.jar
2024-04-02 09:53:26,684 [Worker-85: Launching mavenrun-4c882046-3539-460b-9be9-62ef7473daad] INFO  o.eclipse.m2e.core.internal.Bundles - getClasspathEntries(Bundle=slf4j.api_2.0.12 [1001])
2024-04-02 09:53:26,686 [Worker-85: Launching mavenrun-4c882046-3539-460b-9be9-62ef7473daad] INFO  o.eclipse.m2e.core.internal.Bundles - 	Entry: D:\Downloads\Windows\Software\eclipse-jee-2024-03-R-win32-x86_64\eclipse\plugins\slf4j.api_2.0.12.jar
2024-04-02 09:53:26,686 [Worker-85: Launching mavenrun-4c882046-3539-460b-9be9-62ef7473daad] INFO  o.eclipse.m2e.core.internal.Bundles - getClasspathEntries(Bundle=jakarta.inject.jakarta.inject-api_1.0.5 [32])
2024-04-02 09:53:26,687 [Worker-85: Launching mavenrun-4c882046-3539-460b-9be9-62ef7473daad] INFO  o.eclipse.m2e.core.internal.Bundles - 	Entry: D:\Downloads\Windows\Software\eclipse-jee-2024-03-R-win32-x86_64\eclipse\plugins\jakarta.inject.jakarta.inject-api_1.0.5.jar
2024-04-02 09:53:26,687 [Worker-85: Launching mavenrun-4c882046-3539-460b-9be9-62ef7473daad] INFO  o.eclipse.m2e.core.internal.Bundles - getClasspathEntries(Bundle=jakarta.annotation-api_1.3.5 [27])
2024-04-02 09:53:26,688 [Worker-85: Launching mavenrun-4c882046-3539-460b-9be9-62ef7473daad] INFO  o.eclipse.m2e.core.internal.Bundles - 	Entry: D:\Downloads\Windows\Software\eclipse-jee-2024-03-R-win32-x86_64\eclipse\plugins\jakarta.annotation-api_1.3.5.jar
2024-04-02 09:53:26,688 [Worker-85: Launching mavenrun-4c882046-3539-460b-9be9-62ef7473daad] INFO  o.eclipse.m2e.core.internal.Bundles - getClasspathEntries(Bundle=org.apache.commons.cli_1.6.0 [75])
2024-04-02 09:53:26,691 [Worker-85: Launching mavenrun-4c882046-3539-460b-9be9-62ef7473daad] INFO  o.eclipse.m2e.core.internal.Bundles - 	Entry: D:\Downloads\Windows\Software\eclipse-jee-2024-03-R-win32-x86_64\eclipse\plugins\org.apache.commons.cli_1.6.0.jar
2024-04-02 09:53:26,691 [Worker-85: Launching mavenrun-4c882046-3539-460b-9be9-62ef7473daad] INFO  o.eclipse.m2e.core.internal.Bundles - getClasspathEntries(Bundle=org.apache.commons.commons-codec_1.16.0 [78])
2024-04-02 09:53:26,692 [Worker-85: Launching mavenrun-4c882046-3539-460b-9be9-62ef7473daad] INFO  o.eclipse.m2e.core.internal.Bundles - 	Entry: D:\Downloads\Windows\Software\eclipse-jee-2024-03-R-win32-x86_64\eclipse\plugins\org.apache.commons.commons-codec_1.16.0.jar
2024-04-02 09:53:26,693 [Worker-85: Launching mavenrun-4c882046-3539-460b-9be9-62ef7473daad] INFO  o.eclipse.m2e.core.internal.Bundles - getClasspathEntries(Bundle=org.apache.commons.lang3_3.14.0 [86])
2024-04-02 09:53:26,693 [Worker-85: Launching mavenrun-4c882046-3539-460b-9be9-62ef7473daad] INFO  o.eclipse.m2e.core.internal.Bundles - 	Entry: D:\Downloads\Windows\Software\eclipse-jee-2024-03-R-win32-x86_64\eclipse\plugins\org.apache.commons.lang3_3.14.0.jar
2024-04-02 09:53:26,693 [Worker-85: Launching mavenrun-4c882046-3539-460b-9be9-62ef7473daad] INFO  o.eclipse.m2e.core.internal.Bundles - getClasspathEntries(Bundle=com.google.guava.failureaccess_1.0.2 [15])
2024-04-02 09:53:26,694 [Worker-85: Launching mavenrun-4c882046-3539-460b-9be9-62ef7473daad] INFO  o.eclipse.m2e.core.internal.Bundles - 	Entry: D:\Downloads\Windows\Software\eclipse-jee-2024-03-R-win32-x86_64\eclipse\plugins\com.google.guava.failureaccess_1.0.2.jar
2024-04-02 09:53:26,700 [Worker-85: Launching mavenrun-4c882046-3539-460b-9be9-62ef7473daad] INFO  o.e.m.i.launch.MavenLaunchDelegate - Run build in "C:\Users\Sanke\AppData\Local\Temp\m2e-archetypeGenerator7799513350741428964":
2024-04-02 09:53:26,703 [Worker-85: Launching mavenrun-4c882046-3539-460b-9be9-62ef7473daad] INFO  o.e.m.i.launch.MavenLaunchDelegate -  mvn  -DarchetypeGroupId=org.apache.maven.archetypes -DarchetypeArtifactId=maven-archetype-webapp -DarchetypeVersion=1.0 -DgroupId=springmvc -DartifactId=SpringMVCProj -Dversion=0.0.1-SNAPSHOT -Dpackage=com.spring.mvc -DoutputDirectory=C:\Users\Sanke\OneDrive\Documents\C_Spring_Framework -Dstyle.color=always -U archetype:generate
2024-04-02 09:54:04,802 [Worker-90: Creating maven-archetype-webapp] INFO  o.e.m.c.i.p.ProjectConfigurationManager - Collecting project info '/pom.xml' C:\Users\Sanke\OneDrive\Documents\C_Spring_Framework\SpringMVCProj\pom.xml
2024-04-02 09:54:05,010 [Worker-90: Creating maven-archetype-webapp] INFO  o.e.m.c.i.e.AbstractTransferListenerAdapter - Downloading https://repo.maven.apache.org/maven2/org/apache/maven/plugins/maven-war-plugin/3.4.0/maven-war-plugin-3.4.0.jar
2024-04-02 09:54:05,028 [Worker-90: Creating maven-archetype-webapp] INFO  o.e.m.c.i.e.AbstractTransferListenerAdapter - Downloaded https://repo.maven.apache.org/maven2/org/apache/maven/plugins/maven-war-plugin/3.4.0/maven-war-plugin-3.4.0.jar
2024-04-02 09:54:05,126 [Worker-90: Creating maven-archetype-webapp] INFO  o.e.m.c.i.l.LifecycleMappingFactory - Using org.maven.ide.eclipse.wtp.WarLifecycleMapping lifecycle mapping for MavenProject: springmvc:SpringMVCProj:0.0.1-SNAPSHOT @ C:\Users\Sanke\OneDrive\Documents\C_Spring_Framework\SpringMVCProj\pom.xml.
2024-04-02 09:54:05,315 [Worker-90: Creating maven-archetype-webapp] INFO  o.e.m.c.i.e.AbstractTransferListenerAdapter - Downloading https://repo.maven.apache.org/maven2/org/apache/maven/plugins/maven-war-plugin/3.4.0/maven-war-plugin-3.4.0.pom
2024-04-02 09:54:05,323 [Worker-90: Creating maven-archetype-webapp] INFO  o.e.m.c.i.e.AbstractTransferListenerAdapter - Downloaded https://repo.maven.apache.org/maven2/org/apache/maven/plugins/maven-war-plugin/3.4.0/maven-war-plugin-3.4.0.pom
2024-04-02 09:54:05,460 [Worker-90: Creating maven-archetype-webapp] INFO  o.e.m.c.i.e.AbstractTransferListenerAdapter - Downloading https://repo.maven.apache.org/maven2/org/apache/maven/shared/maven-shared-utils/3.4.2/maven-shared-utils-3.4.2.pom
2024-04-02 09:54:05,473 [Worker-90: Creating maven-archetype-webapp] INFO  o.e.m.c.i.e.AbstractTransferListenerAdapter - Downloaded https://repo.maven.apache.org/maven2/org/apache/maven/shared/maven-shared-utils/3.4.2/maven-shared-utils-3.4.2.pom
2024-04-02 09:54:05,524 [Worker-90: Creating maven-archetype-webapp] INFO  o.e.m.c.i.e.AbstractTransferListenerAdapter - Downloading https://repo.maven.apache.org/maven2/org/codehaus/plexus/plexus-archiver/4.7.1/plexus-archiver-4.7.1.pom
2024-04-02 09:54:05,532 [Worker-90: Creating maven-archetype-webapp] INFO  o.e.m.c.i.e.AbstractTransferListenerAdapter - Downloaded https://repo.maven.apache.org/maven2/org/codehaus/plexus/plexus-archiver/4.7.1/plexus-archiver-4.7.1.pom
2024-04-02 09:54:05,553 [Worker-90: Creating maven-archetype-webapp] INFO  o.e.m.c.i.e.AbstractTransferListenerAdapter - Downloading https://repo.maven.apache.org/maven2/org/codehaus/plexus/plexus-io/3.4.1/plexus-io-3.4.1.pom
2024-04-02 09:54:05,557 [Worker-90: Creating maven-archetype-webapp] INFO  o.e.m.c.i.e.AbstractTransferListenerAdapter - Downloaded https://repo.maven.apache.org/maven2/org/codehaus/plexus/plexus-io/3.4.1/plexus-io-3.4.1.pom
2024-04-02 09:54:05,583 [Worker-90: Creating maven-archetype-webapp] INFO  o.e.m.c.i.e.AbstractTransferListenerAdapter - Downloading https://repo.maven.apache.org/maven2/org/apache/commons/commons-compress/1.23.0/commons-compress-1.23.0.pom
2024-04-02 09:54:05,589 [Worker-90: Creating maven-archetype-webapp] INFO  o.e.m.c.i.e.AbstractTransferListenerAdapter - Downloaded https://repo.maven.apache.org/maven2/org/apache/commons/commons-compress/1.23.0/commons-compress-1.23.0.pom
2024-04-02 09:54:05,608 [Worker-90: Creating maven-archetype-webapp] INFO  o.e.m.c.i.e.AbstractTransferListenerAdapter - Downloading https://repo.maven.apache.org/maven2/org/apache/commons/commons-parent/56/commons-parent-56.pom
2024-04-02 09:54:05,631 [Worker-90: Creating maven-archetype-webapp] INFO  o.e.m.c.i.e.AbstractTransferListenerAdapter - Downloaded https://repo.maven.apache.org/maven2/org/apache/commons/commons-parent/56/commons-parent-56.pom
2024-04-02 09:54:05,669 [Worker-90: Creating maven-archetype-webapp] INFO  o.e.m.c.i.e.AbstractTransferListenerAdapter - Downloading https://repo.maven.apache.org/maven2/com/github/luben/zstd-jni/1.5.5-2/zstd-jni-1.5.5-2.pom
2024-04-02 09:54:05,676 [Worker-90: Creating maven-archetype-webapp] INFO  o.e.m.c.i.e.AbstractTransferListenerAdapter - Downloaded https://repo.maven.apache.org/maven2/com/github/luben/zstd-jni/1.5.5-2/zstd-jni-1.5.5-2.pom
2024-04-02 09:54:05,716 [Worker-90: Creating maven-archetype-webapp] INFO  o.e.m.c.i.e.AbstractTransferListenerAdapter - Downloading https://repo.maven.apache.org/maven2/org/apache/maven/shared/maven-mapping/3.0.0/maven-mapping-3.0.0.pom
2024-04-02 09:54:05,721 [Worker-90: Creating maven-archetype-webapp] INFO  o.e.m.c.i.e.AbstractTransferListenerAdapter - Downloaded https://repo.maven.apache.org/maven2/org/apache/maven/shared/maven-mapping/3.0.0/maven-mapping-3.0.0.pom
2024-04-02 09:54:05,744 [Worker-90: Creating maven-archetype-webapp] INFO  o.e.m.c.i.e.AbstractTransferListenerAdapter - Downloading https://repo.maven.apache.org/maven2/org/apache/maven/shared/maven-shared-components/22/maven-shared-components-22.pom
2024-04-02 09:54:05,752 [Worker-90: Creating maven-archetype-webapp] INFO  o.e.m.c.i.e.AbstractTransferListenerAdapter - Downloaded https://repo.maven.apache.org/maven2/org/apache/maven/shared/maven-shared-components/22/maven-shared-components-22.pom
2024-04-02 09:54:05,888 [Worker-90: Creating maven-archetype-webapp] INFO  o.e.m.c.i.e.AbstractTransferListenerAdapter - Downloading https://repo.maven.apache.org/maven2/org/codehaus/plexus/plexus-component-annotations/1.5.4/plexus-component-annotations-1.5.4.pom
2024-04-02 09:54:05,895 [Worker-90: Creating maven-archetype-webapp] INFO  o.e.m.c.i.e.AbstractTransferListenerAdapter - Downloaded https://repo.maven.apache.org/maven2/org/codehaus/plexus/plexus-component-annotations/1.5.4/plexus-component-annotations-1.5.4.pom
2024-04-02 09:54:05,919 [Worker-90: Creating maven-archetype-webapp] INFO  o.e.m.c.i.e.AbstractTransferListenerAdapter - Downloading https://repo.maven.apache.org/maven2/org/codehaus/plexus/plexus-containers/1.5.4/plexus-containers-1.5.4.pom
2024-04-02 09:54:05,926 [Worker-90: Creating maven-archetype-webapp] INFO  o.e.m.c.i.e.AbstractTransferListenerAdapter - Downloaded https://repo.maven.apache.org/maven2/org/codehaus/plexus/plexus-containers/1.5.4/plexus-containers-1.5.4.pom
2024-04-02 09:54:05,949 [Worker-90: Creating maven-archetype-webapp] INFO  o.e.m.c.i.e.AbstractTransferListenerAdapter - Downloading https://repo.maven.apache.org/maven2/org/codehaus/plexus/plexus/2.0.5/plexus-2.0.5.pom
2024-04-02 09:54:05,955 [Worker-90: Creating maven-archetype-webapp] INFO  o.e.m.c.i.e.AbstractTransferListenerAdapter - Downloaded https://repo.maven.apache.org/maven2/org/codehaus/plexus/plexus/2.0.5/plexus-2.0.5.pom
2024-04-02 09:54:06,111 [Worker-90: Creating maven-archetype-webapp] INFO  o.e.m.c.i.e.AbstractTransferListenerAdapter - Downloading https://repo.maven.apache.org/maven2/org/apache/maven/shared/maven-shared-utils/3.4.2/maven-shared-utils-3.4.2.jar
2024-04-02 09:54:06,131 [Worker-90: Creating maven-archetype-webapp] INFO  o.e.m.c.i.e.AbstractTransferListenerAdapter - Downloaded https://repo.maven.apache.org/maven2/org/apache/maven/shared/maven-shared-utils/3.4.2/maven-shared-utils-3.4.2.jar
2024-04-02 09:54:06,176 [BasicRepositoryConnector-repo.maven.apache.org-0-0] INFO  o.e.m.c.i.e.AbstractTransferListenerAdapter - Downloading https://repo.maven.apache.org/maven2/org/codehaus/plexus/plexus-archiver/4.7.1/plexus-archiver-4.7.1.jar
2024-04-02 09:54:06,194 [BasicRepositoryConnector-repo.maven.apache.org-0-0] INFO  o.e.m.c.i.e.AbstractTransferListenerAdapter - Downloaded https://repo.maven.apache.org/maven2/org/codehaus/plexus/plexus-archiver/4.7.1/plexus-archiver-4.7.1.jar
2024-04-02 09:54:06,221 [BasicRepositoryConnector-repo.maven.apache.org-0-1] INFO  o.e.m.c.i.e.AbstractTransferListenerAdapter - Downloading https://repo.maven.apache.org/maven2/org/apache/commons/commons-compress/1.23.0/commons-compress-1.23.0.jar
2024-04-02 09:54:06,236 [BasicRepositoryConnector-repo.maven.apache.org-0-2] INFO  o.e.m.c.i.e.AbstractTransferListenerAdapter - Downloading https://repo.maven.apache.org/maven2/com/github/luben/zstd-jni/1.5.5-2/zstd-jni-1.5.5-2.jar
2024-04-02 09:54:06,257 [BasicRepositoryConnector-repo.maven.apache.org-0-3] INFO  o.e.m.c.i.e.AbstractTransferListenerAdapter - Downloading https://repo.maven.apache.org/maven2/org/apache/maven/shared/maven-mapping/3.0.0/maven-mapping-3.0.0.jar
2024-04-02 09:54:06,264 [BasicRepositoryConnector-repo.maven.apache.org-0-3] INFO  o.e.m.c.i.e.AbstractTransferListenerAdapter - Downloaded https://repo.maven.apache.org/maven2/org/apache/maven/shared/maven-mapping/3.0.0/maven-mapping-3.0.0.jar
2024-04-02 09:54:06,867 [BasicRepositoryConnector-repo.maven.apache.org-0-1] INFO  o.e.m.c.i.e.AbstractTransferListenerAdapter - Downloaded https://repo.maven.apache.org/maven2/org/apache/commons/commons-compress/1.23.0/commons-compress-1.23.0.jar
2024-04-02 09:54:09,033 [BasicRepositoryConnector-repo.maven.apache.org-0-2] INFO  o.e.m.c.i.e.AbstractTransferListenerAdapter - Downloaded https://repo.maven.apache.org/maven2/com/github/luben/zstd-jni/1.5.5-2/zstd-jni-1.5.5-2.jar
2024-04-02 09:54:09,714 [Worker-90: Creating maven-archetype-webapp] INFO  o.e.m.j.i.AbstractJavaProjectConfigurator - Adding source folder /SpringMVCProj/src/main/java
2024-04-02 09:54:09,717 [Worker-90: Creating maven-archetype-webapp] INFO  o.e.m.j.i.AbstractJavaProjectConfigurator - Adding resource folder /SpringMVCProj/src/main/resources
2024-04-02 09:54:09,720 [Worker-90: Creating maven-archetype-webapp] INFO  o.e.m.j.i.AbstractJavaProjectConfigurator - Adding source folder /SpringMVCProj/src/test/java
2024-04-02 09:54:09,721 [Worker-90: Creating maven-archetype-webapp] INFO  o.e.m.j.i.AbstractJavaProjectConfigurator - Adding resource folder /SpringMVCProj/src/test/resources
2024-04-02 09:54:11,382 [Worker-90: Creating maven-archetype-webapp] INFO  o.e.m.c.i.p.ProjectConfigurationManager - Imported and configured 1 project(s) in 6 sec
2024-04-02 09:54:11,726 [Worker-86: Building] WARN  o.a.m.s.f.DefaultMavenResourcesFiltering - Using platform encoding (Cp1252 actually) to copy filtered resources, i.e. build is platform dependent!
2024-04-02 09:54:11,734 [Worker-86: Building] INFO  o.a.m.s.f.DefaultMavenResourcesFiltering - Copying 0 resource from src\main\resources to target\classes
2024-04-02 09:54:11,737 [Worker-86: Building] WARN  o.a.m.s.f.DefaultMavenResourcesFiltering - Using platform encoding (Cp1252 actually) to copy filtered resources, i.e. build is platform dependent!
2024-04-02 09:54:11,739 [Worker-86: Building] INFO  o.a.m.s.f.DefaultMavenResourcesFiltering - skip non existing resourceDirectory C:\Users\Sanke\OneDrive\Documents\C_Spring_Framework\SpringMVCProj\src\test\resources
2024-04-02 09:54:12,733 [Worker-89: Building] WARN  o.a.m.s.f.DefaultMavenResourcesFiltering - Using platform encoding (Cp1252 actually) to copy filtered resources, i.e. build is platform dependent!
2024-04-02 09:54:12,740 [Worker-89: Building] INFO  o.a.m.s.f.DefaultMavenResourcesFiltering - Copying 0 resource from src\main\resources to target\classes
2024-04-02 09:54:12,742 [Worker-89: Building] WARN  o.a.m.s.f.DefaultMavenResourcesFiltering - Using platform encoding (Cp1252 actually) to copy filtered resources, i.e. build is platform dependent!
2024-04-02 09:54:12,743 [Worker-89: Building] INFO  o.a.m.s.f.DefaultMavenResourcesFiltering - skip non existing resourceDirectory C:\Users\Sanke\OneDrive\Documents\C_Spring_Framework\SpringMVCProj\src\test\resources
2024-04-02 09:54:37,285 [Worker-88: Building] INFO  o.e.m.c.i.l.LifecycleMappingFactory - Using org.maven.ide.eclipse.wtp.WarLifecycleMapping lifecycle mapping for MavenProject: org.example:SpringMVCProj:1.0-SNAPSHOT @ C:\Users\Sanke\OneDrive\Documents\C_Spring_Framework\SpringMVCProj\pom.xml.
2024-04-02 09:54:38,357 [Worker-88: Building] WARN  o.a.m.s.f.DefaultMavenResourcesFiltering - Using platform encoding (Cp1252 actually) to copy filtered resources, i.e. build is platform dependent!
2024-04-02 09:54:38,358 [Worker-88: Building] INFO  o.a.m.s.f.DefaultMavenResourcesFiltering - Copying 0 resource from src\main\resources to target\classes
2024-04-02 09:54:38,361 [Worker-88: Building] WARN  o.a.m.s.f.DefaultMavenResourcesFiltering - Using platform encoding (Cp1252 actually) to copy filtered resources, i.e. build is platform dependent!
2024-04-02 09:54:38,362 [Worker-88: Building] INFO  o.a.m.s.f.DefaultMavenResourcesFiltering - skip non existing resourceDirectory C:\Users\Sanke\OneDrive\Documents\C_Spring_Framework\SpringMVCProj\src\test\resources
2024-04-02 09:54:38,363 [Worker-88: Building] INFO  o.e.m.w.i.f.ResourceFilteringBuildParticipant - Changed resources require a complete clean of filtered resources of SpringMVCProj
2024-04-02 09:54:38,364 [Worker-88: Building] INFO  o.e.m.w.i.f.ResourceFilteringBuildParticipant - Executing resource filtering for SpringMVCProj
2024-04-02 09:57:16,544 [Worker-85: Building] WARN  o.a.m.s.f.DefaultMavenResourcesFiltering - Using platform encoding (Cp1252 actually) to copy filtered resources, i.e. build is platform dependent!
2024-04-02 09:57:16,548 [Worker-85: Building] INFO  o.a.m.s.f.DefaultMavenResourcesFiltering - Copying 0 resource from src\main\resources to target\classes
2024-04-02 09:57:16,549 [Worker-85: Building] WARN  o.a.m.s.f.DefaultMavenResourcesFiltering - Using platform encoding (Cp1252 actually) to copy filtered resources, i.e. build is platform dependent!
2024-04-02 09:57:16,550 [Worker-85: Building] INFO  o.a.m.s.f.DefaultMavenResourcesFiltering - skip non existing resourceDirectory C:\Users\Sanke\OneDrive\Documents\C_Spring_Framework\SpringMVCProj\src\test\resources
2024-04-02 09:57:35,675 [Worker-92: Building] WARN  o.a.m.s.f.DefaultMavenResourcesFiltering - Using platform encoding (Cp1252 actually) to copy filtered resources, i.e. build is platform dependent!
2024-04-02 09:57:35,678 [Worker-92: Building] INFO  o.a.m.s.f.DefaultMavenResourcesFiltering - Copying 0 resource from src\main\resources to target\classes
2024-04-02 09:57:35,680 [Worker-92: Building] WARN  o.a.m.s.f.DefaultMavenResourcesFiltering - Using platform encoding (Cp1252 actually) to copy filtered resources, i.e. build is platform dependent!
2024-04-02 09:57:35,682 [Worker-92: Building] INFO  o.a.m.s.f.DefaultMavenResourcesFiltering - skip non existing resourceDirectory C:\Users\Sanke\OneDrive\Documents\C_Spring_Framework\SpringMVCProj\src\test\resources
2024-04-02 10:04:15,911 [Worker-97: Building] WARN  o.a.m.s.f.DefaultMavenResourcesFiltering - Using platform encoding (Cp1252 actually) to copy filtered resources, i.e. build is platform dependent!
2024-04-02 10:04:15,916 [Worker-97: Building] INFO  o.a.m.s.f.DefaultMavenResourcesFiltering - Copying 0 resource from src\main\resources to target\classes
2024-04-02 10:04:15,919 [Worker-97: Building] WARN  o.a.m.s.f.DefaultMavenResourcesFiltering - Using platform encoding (Cp1252 actually) to copy filtered resources, i.e. build is platform dependent!
2024-04-02 10:04:15,920 [Worker-97: Building] INFO  o.a.m.s.f.DefaultMavenResourcesFiltering - skip non existing resourceDirectory C:\Users\Sanke\OneDrive\Documents\C_Spring_Framework\SpringMVCProj\src\test\resources
2024-04-02 10:05:54,033 [Worker-96: Building] WARN  o.a.m.s.f.DefaultMavenResourcesFiltering - Using platform encoding (Cp1252 actually) to copy filtered resources, i.e. build is platform dependent!
2024-04-02 10:05:54,038 [Worker-96: Building] INFO  o.a.m.s.f.DefaultMavenResourcesFiltering - Copying 0 resource from src\main\resources to target\classes
2024-04-02 10:05:54,045 [Worker-96: Building] WARN  o.a.m.s.f.DefaultMavenResourcesFiltering - Using platform encoding (Cp1252 actually) to copy filtered resources, i.e. build is platform dependent!
2024-04-02 10:05:54,046 [Worker-96: Building] INFO  o.a.m.s.f.DefaultMavenResourcesFiltering - skip non existing resourceDirectory C:\Users\Sanke\OneDrive\Documents\C_Spring_Framework\SpringMVCProj\src\test\resources
2024-04-02 10:17:47,043 [Worker-99: Building] WARN  o.a.m.s.f.DefaultMavenResourcesFiltering - Using platform encoding (Cp1252 actually) to copy filtered resources, i.e. build is platform dependent!
2024-04-02 10:17:47,064 [Worker-99: Building] INFO  o.a.m.s.f.DefaultMavenResourcesFiltering - Copying 0 resource from src\main\resources to target\classes
2024-04-02 10:17:47,071 [Worker-99: Building] WARN  o.a.m.s.f.DefaultMavenResourcesFiltering - Using platform encoding (Cp1252 actually) to copy filtered resources, i.e. build is platform dependent!
2024-04-02 10:17:47,076 [Worker-99: Building] INFO  o.a.m.s.f.DefaultMavenResourcesFiltering - skip non existing resourceDirectory C:\Users\Sanke\OneDrive\Documents\C_Spring_Framework\SpringMVCProj\src\test\resources
2024-04-02 10:18:06,805 [Worker-96: Building] WARN  o.a.m.s.f.DefaultMavenResourcesFiltering - Using platform encoding (Cp1252 actually) to copy filtered resources, i.e. build is platform dependent!
2024-04-02 10:18:06,807 [Worker-96: Building] INFO  o.a.m.s.f.DefaultMavenResourcesFiltering - Copying 0 resource from src\main\resources to target\classes
2024-04-02 10:18:06,810 [Worker-96: Building] WARN  o.a.m.s.f.DefaultMavenResourcesFiltering - Using platform encoding (Cp1252 actually) to copy filtered resources, i.e. build is platform dependent!
2024-04-02 10:18:06,811 [Worker-96: Building] INFO  o.a.m.s.f.DefaultMavenResourcesFiltering - skip non existing resourceDirectory C:\Users\Sanke\OneDrive\Documents\C_Spring_Framework\SpringMVCProj\src\test\resources
2024-04-02 10:19:00,696 [Worker-101: Building] WARN  o.a.m.s.f.DefaultMavenResourcesFiltering - Using platform encoding (Cp1252 actually) to copy filtered resources, i.e. build is platform dependent!
2024-04-02 10:19:00,705 [Worker-101: Building] INFO  o.a.m.s.f.DefaultMavenResourcesFiltering - Copying 0 resource from src\main\resources to target\classes
2024-04-02 10:19:00,710 [Worker-101: Building] WARN  o.a.m.s.f.DefaultMavenResourcesFiltering - Using platform encoding (Cp1252 actually) to copy filtered resources, i.e. build is platform dependent!
2024-04-02 10:19:00,713 [Worker-101: Building] INFO  o.a.m.s.f.DefaultMavenResourcesFiltering - skip non existing resourceDirectory C:\Users\Sanke\OneDrive\Documents\C_Spring_Framework\SpringMVCProj\src\test\resources
2024-04-02 10:19:28,615 [Worker-100: Building] WARN  o.a.m.s.f.DefaultMavenResourcesFiltering - Using platform encoding (Cp1252 actually) to copy filtered resources, i.e. build is platform dependent!
2024-04-02 10:19:28,619 [Worker-100: Building] INFO  o.a.m.s.f.DefaultMavenResourcesFiltering - Copying 0 resource from src\main\resources to target\classes
2024-04-02 10:19:28,624 [Worker-100: Building] WARN  o.a.m.s.f.DefaultMavenResourcesFiltering - Using platform encoding (Cp1252 actually) to copy filtered resources, i.e. build is platform dependent!
2024-04-02 10:19:28,626 [Worker-100: Building] INFO  o.a.m.s.f.DefaultMavenResourcesFiltering - skip non existing resourceDirectory C:\Users\Sanke\OneDrive\Documents\C_Spring_Framework\SpringMVCProj\src\test\resources
2024-04-02 10:19:45,004 [Worker-101: Building] WARN  o.a.m.s.f.DefaultMavenResourcesFiltering - Using platform encoding (Cp1252 actually) to copy filtered resources, i.e. build is platform dependent!
2024-04-02 10:19:45,009 [Worker-101: Building] INFO  o.a.m.s.f.DefaultMavenResourcesFiltering - Copying 0 resource from src\main\resources to target\classes
2024-04-02 10:19:45,014 [Worker-101: Building] WARN  o.a.m.s.f.DefaultMavenResourcesFiltering - Using platform encoding (Cp1252 actually) to copy filtered resources, i.e. build is platform dependent!
2024-04-02 10:19:45,016 [Worker-101: Building] INFO  o.a.m.s.f.DefaultMavenResourcesFiltering - skip non existing resourceDirectory C:\Users\Sanke\OneDrive\Documents\C_Spring_Framework\SpringMVCProj\src\test\resources
